{
  "0 debug pnpm:scope": {
    "selected": 1,
    "total": 3,
    "workspacePrefix": "C:\\Users\\perra\\Documents\\projects\\codegram-monorepo\\c\\codegram"
  },
  "1 info pnpm": {
    "err": {
      "name": "Error",
      "message": "@codegram/ui@0.0.1 dev: `chokidar \"src/**/*.{ts,tsx}\" -c \"pnpm build\"`\nExit status 127",
      "code": "ELIFECYCLE",
      "stack": "Error: @codegram/ui@0.0.1 dev: `chokidar \"src/**/*.{ts,tsx}\" -c \"pnpm build\"`\nExit status 127\n    at C:\\Users\\perra\\AppData\\Local\\Volta\\tools\\image\\packages\\pnpm\\node_modules\\pnpm\\dist\\pnpm.cjs:105632:22\n    at processTicksAndRejections (node:internal/process/task_queues:96:5)"
    }
  },
  "2 error pnpm": {
    "errno": 127,
    "code": "ERR_PNPM_RECURSIVE_RUN_FIRST_FAIL",
    "pkgid": "@codegram/ui@0.0.1",
    "stage": "dev",
    "script": "chokidar \"src/**/*.{ts,tsx}\" -c \"pnpm build\"",
    "pkgname": "@codegram/ui",
    "prefix": "C:\\Users\\perra\\Documents\\projects\\codegram-monorepo\\c\\codegram\\packages\\ui",
    "err": {
      "name": "pnpm",
      "message": "@codegram/ui@0.0.1 dev: `chokidar \"src/**/*.{ts,tsx}\" -c \"pnpm build\"`\nExit status 127",
      "code": "ERR_PNPM_RECURSIVE_RUN_FIRST_FAIL",
      "stack": "Error: @codegram/ui@0.0.1 dev: `chokidar \"src/**/*.{ts,tsx}\" -c \"pnpm build\"`\nExit status 127\n    at C:\\Users\\perra\\AppData\\Local\\Volta\\tools\\image\\packages\\pnpm\\node_modules\\pnpm\\dist\\pnpm.cjs:105632:22\n    at processTicksAndRejections (node:internal/process/task_queues:96:5)"
    }
  },
  "3 warn pnpm:global": " Local package.json exists, but node_modules missing, did you mean to install?"
}